2024-01-14:52:43 INFO  StaffController:35 - Request received for get personal staff
2024-01-14:52:43 INFO  StaffController:35 - Request received for get personal staff
2024-01-14:52:43 INFO  PositionRequirementService:40 - Request received for getAllPositionRequirement
2024-01-14:52:57 INFO  AdsController:28 - Access get all position API
2024-01-14:53:04 INFO  AdsFormController:36 - Request received for getAllAdsForms
2024-01-14:53:04 INFO  PlanningStatusController:34 - Request received for getAllPlanningStatus
2024-01-14:53:04 INFO  LocationTypeController:34 - Request received for getAllLocationTypes
2024-01-14:53:04 DEBUG PlanningStatusController:37 - Retrieved planning status: [PlanningStatus(title=Chưa quy hoạch, color=#ff0000, icon=http://maps.google.com/mapfiles/ms/icons/pink-dot.png), PlanningStatus(title=Đã quy hoạch, color=#11ff00, icon=http://maps.google.com/mapfiles/ms/icons/blue-dot.png), PlanningStatus(title=Đang quy hoạch, color=#009dff, icon=http://maps.google.com/mapfiles/ms/icons/green-dot.png)]
2024-01-14:53:04 DEBUG AdsFormController:39 - Retrieved ads forms: [AdsForm(title=Cổ động chính trị, color=#e02d2d, icon=https://kimson.ninhbinh.gov.vn/source/2022/T12/C%E1%BA%A6U_TR%C3%8C_CH%C3%8DNH_(1).jpg), AdsForm(title=Quảng cáo thương mại, color=#57a5de, icon=https://sxsh.vn/wp-content/uploads/2019/07/31-628x275.jpg), AdsForm(title=Xã hội hóa, color=#e8c141, icon=https://e-magazine.asiamedia.vn/wp-content/uploads/2021/11/b6611d56d18c24d27d9d-1200x900-1.jpg)]
2024-01-14:53:04 DEBUG LocationTypeController:37 - Retrieved location types: [LocationType(title=Cây xăng, color=#c9ccff, icon=https://firebasestorage.googleapis.com/v0/b/poetic-tube-407505.appspot.com/o/files%2Fhttps%3A%2Ffirebasestorage.googleapis.com%2Fv0%2Fb%2Fpoetic-tube-407505.appspot.com%2Fo%2Ffiles%252FThie%25CC%2582%25CC%2581t%2520ke%25CC%2582%25CC%2581%2520chu%25CC%259Ba%2520co%25CC%2581%2520te%25CC%2582n.png%3Falt%3Dmedia%26token%3Dcb3d192d-49d3-411a-955c-da7ac6e9f357?alt=media&token=3fa2a2f6-1266-4feb-a73b-896d0249508f), LocationType(title=Chợ, color=#d3ffad, icon=https://firebasestorage.googleapis.com/v0/b/poetic-tube-407505.appspot.com/o/files%2Fstore.png?alt=media&token=bb9438da-1045-41ce-86aa-62a32adf1677), LocationType(title=Đất công/Công viên/Hành lang an toàn giao thông, color=#dee2e6, icon=https://firebasestorage.googleapis.com/v0/b/poetic-tube-407505.appspot.com/o/files%2Fcongvien.png?alt=media&token=b6b719b4-7f0e-434f-9820-72271eb6a340), LocationType(title=Đất tư nhân/Nhà ở riêng lẻ, color=#f0ffbf, icon=https://firebasestorage.googleapis.com/v0/b/poetic-tube-407505.appspot.com/o/files%2Fhttps%3A%2Ffirebasestorage.googleapis.com%2Fv0%2Fb%2Fpoetic-tube-407505.appspot.com%2Fo%2Ffiles%252Fnha.png%3Falt%3Dmedia%26token%3D0e037768-3380-43c2-8be2-0fad32869bae?alt=media&token=087a79cd-3b38-4549-b56a-1dd93767991a), LocationType(title=Nhà chờ xe buýt, color=#a8d9ff, icon=https://firebasestorage.googleapis.com/v0/b/poetic-tube-407505.appspot.com/o/files%2Fbus.png?alt=media&token=63a82ba7-86b3-469c-af6e-bd667f7ed026), LocationType(title=Trung tâm thương mại, color=#d0ffad, icon=https://firebasestorage.googleapis.com/v0/b/poetic-tube-407505.appspot.com/o/files%2Fstore.png?alt=media&token=bb9438da-1045-41ce-86aa-62a32adf1677)]
2024-01-14:53:04 INFO  AdsController:36 - Access get detail position API
2024-01-14:53:04 INFO  AdsController:38 - Return position
2024-01-14:53:08 INFO  AdsController:82 - Updating position
2024-01-14:53:08 INFO  AdsController:85 - Update successfully
2024-01-14:54:02 INFO  AdsController:28 - Access get all position API
2024-01-14:54:09 INFO  PositionRequirementService:40 - Request received for getAllPositionRequirement
2024-01-14:54:13 INFO  AdsController:82 - Updating position
2024-01-14:54:13 ERROR AdsController:88 - java.lang.RuntimeException: Ads position id not found
2024-01-14:54:13 INFO  PositionRequirementService:74 - Request received for approvePositionRequirement
2024-01-14:54:31 INFO  PositionRequirementService:40 - Request received for getAllPositionRequirement
2024-01-14:54:36 INFO  PositionRequirementService:40 - Request received for getAllPositionRequirement
2024-01-14:54:43 INFO  PositionRequirementService:40 - Request received for getAllPositionRequirement
2024-01-14:54:43 INFO  PositionRequirementService:40 - Request received for getAllPositionRequirement
2024-01-14:55:55 INFO  PositionRequirementService:40 - Request received for getAllPositionRequirement
2024-01-14:56:03 INFO  PositionRequirementService:40 - Request received for getAllPositionRequirement
2024-01-14:56:03 INFO  PositionRequirementService:40 - Request received for getAllPositionRequirement
2024-01-14:57:03 INFO  PositionRequirementService:40 - Request received for getAllPositionRequirement
2024-01-14:57:20 INFO  PositionRequirementService:40 - Request received for getAllPositionRequirement
2024-01-14:57:31 INFO  AdsController:82 - Updating position
2024-01-14:57:31 ERROR AdsController:88 - java.lang.RuntimeException: Ads position id not found
2024-01-14:57:31 INFO  PositionRequirementService:74 - Request received for approvePositionRequirement
2024-01-14:57:31 INFO  PositionRequirementService:84 - Approve position requirement success
2024-01-14:57:31 INFO  MessageWebSocketController:20 - Send report to staff
2024-01-14:57:31 INFO  PositionRequirementService:40 - Request received for getAllPositionRequirement
2024-01-14:57:49 INFO  PositionRequirementService:40 - Request received for getAllPositionRequirement
2024-01-14:57:49 INFO  AuthenticationController:60 - Request received for refresh token
2024-01-14:57:49 INFO  StaffController:35 - Request received for get personal staff
2024-01-14:58:03 INFO  StaffController:35 - Request received for get personal staff
2024-01-14:58:03 INFO  StaffController:35 - Request received for get personal staff
2024-01-14:58:03 INFO  PositionRequirementService:40 - Request received for getAllPositionRequirement
2024-01-14:58:15 INFO  AdsController:82 - Updating position
2024-01-14:58:15 ERROR AdsController:88 - java.lang.RuntimeException: Ads position id not found
2024-01-14:58:55 INFO  StaffController:35 - Request received for get personal staff
2024-01-14:58:55 INFO  StaffController:35 - Request received for get personal staff
2024-01-14:58:56 INFO  PositionRequirementService:40 - Request received for getAllPositionRequirement
2024-01-14:58:58 INFO  AdsController:82 - Updating position
2024-01-14:58:58 INFO  AdsController:85 - Update successfully
2024-01-14:58:58 INFO  PositionRequirementService:74 - Request received for approvePositionRequirement
2024-01-14:58:58 INFO  PositionRequirementService:84 - Approve position requirement success
2024-01-14:58:58 INFO  MessageWebSocketController:20 - Send report to staff
2024-01-14:58:58 INFO  PositionRequirementService:40 - Request received for getAllPositionRequirement
